<?xml version="1.0" encoding="UTF-8"?>
<!-- Generated by org.testng.reporters.JUnitXMLReporter -->
<testsuite hostname="3PIO.local" ignored="0" name="DemoTest" tests="3" failures="0" timestamp="04 Sep 2017 21:24:02 GMT" time="18.526" errors="0">
  <testcase name="vacancy" time="2.034" classname="com.mindstronghealth.demo.QAPosition"/>
  <testcase name="emptyField" time="1.11" classname="com.mindstronghealth.demo.InvalidLogin"/>
  <testcase name="unregisteredEmail" time="0.334" classname="com.mindstronghealth.demo.InvalidLogin"/>
</testsuite> <!-- DemoTest -->
