<?xml version="1.0" encoding="UTF-8"?>
<!-- Generated by org.testng.reporters.JUnitXMLReporter -->
<testsuite hostname="3PIO.local" ignored="0" name="FireFox Test" tests="3" failures="0" timestamp="04 Sep 2017 05:23:19 GMT" time="23.93" errors="0">
  <testcase name="vacancy" time="1.473" classname="com.mindstronghealth.demo.QAPosition"/>
  <testcase name="emptyField" time="7.457" classname="com.mindstronghealth.demo.InvalidLogin"/>
  <testcase name="unregisteredEmail" time="4.441" classname="com.mindstronghealth.demo.InvalidLogin"/>
</testsuite> <!-- FireFox Test -->
